init server
connection...
create:start
create:start -> queryObject.nemo is register
err-->null
connection...
connection...
actualizando...
client length:1
update:1
connection...
actualizando...
client length:1
update:1
connection...
actualizando...
client length:1
update:1
connection...
actualizando...
client length:1
update:1
connection...
actualizando...
client length:1
update:1
connection...
actualizando...
client length:1
update:1
connection...
actualizando...
client length:1
update:1
connection...
create:start
create:start -> queryObject.nemo is register
err-->null
connection...
connection...
connection...
actualizando...
client length:1
update:1
connection...
actualizando...
client length:1
update:1
connection...
create:start
create:start -> queryObject.nemo is register
err-->null
connection...
connection...
create:start
create:start -> queryObject.nemo is register
err-->null
connection...
create:start
create:start -> queryObject.nemo is register
err-->null
connection...
create:start
create:start -> queryObject.nemo is register
err-->null
connection...
create:start
create:start -> queryObject.nemo is register
err-->null
connection...
create:start
create:start -> queryObject.nemo is register
err-->null
connection...
create:start
create:start -> queryObject.nemo is register
err-->null
connection...
connection...
actualizando...
client length:1
update:1
connection...
connection...
connection...
connection...
connection...
connection...
connection...
connection...
connection...
connection...
connection...
connection...
connection...
connection...
connection...
